<?xml version="1.0" encoding="UTF-8"?>
<!-- Generated by org.testng.reporters.JUnitXMLReporter -->
<testsuite ignored="0" hostname="ATMECSBLRLT-036" failures="0" tests="5" name="Default test" time="33.962" errors="0" timestamp="16 Sep 2020 04:43:41 GMT">
  <testcase classname="com.atmecs.selenium.WindowHandles" name="faceBook" time="6.176"/>
  <testcase classname="com.atmecs.selenium.WindowHandles" name="googlePlus" time="2.919"/>
  <testcase classname="com.atmecs.selenium.WindowHandles" name="linkedIn" time="2.024"/>
  <testcase classname="com.atmecs.selenium.WindowHandles" name="twitter" time="4.369"/>
  <testcase classname="com.atmecs.selenium.WindowHandles" name="youTube" time="5.482"/>
</testsuite> <!-- Default test -->
