<?xml version="1.0" encoding="UTF-8"?>
<!-- Generated by org.testng.reporters.JUnitXMLReporter -->
<testsuite ignored="0" hostname="ATMECSBLRLT-036" failures="0" tests="5" name="DemoBlaze" time="27.341" errors="0" timestamp="17 Sep 2020 08:40:05 GMT">
  <testcase classname="com.atmecs.selenium.DemoBlaze" name="demoBlazeSignUp" time="5.599"/>
  <testcase classname="com.atmecs.selenium.DemoBlaze" name="demoBlazeLogIn" time="0.797"/>
  <testcase classname="com.atmecs.selenium.DemoBlaze" name="demoBlazeContact" time="4.552"/>
  <testcase classname="com.atmecs.selenium.DemoBlaze" name="demoBlazeAddToCart" time="5.782"/>
  <testcase classname="com.atmecs.selenium.DemoBlaze" name="demoBlazeVerifyCart" time="1.379"/>
</testsuite> <!-- DemoBlaze -->
