<?xml version="1.0" encoding="UTF-8"?>
<!-- Generated by org.testng.reporters.JUnitXMLReporter -->
<testsuite ignored="0" hostname="ATMECSBLRLT-036" failures="0" tests="1" name="Booking" time="0.015" errors="0" timestamp="18 Sep 2020 12:59:11 GMT">
  <testcase classname="goibibo.Booking" name="@BeforeTest beforeTest" time="0.0">
    <failure type="java.io.FileNotFoundException" message="\chromedriver.exe\src\test\java\com\atmecs\selenium\GoibiboLocators.properties (The system cannot find the path specified)">
      <![CDATA[java.io.FileNotFoundException: \chromedriver.exe\src\test\java\com\atmecs\selenium\GoibiboLocators.properties (The system cannot find the path specified)
at java.base/java.io.FileInputStream.open0(Native Method)
at java.base/java.io.FileInputStream.open(FileInputStream.java:213)
at java.base/java.io.FileInputStream.<init>(FileInputStream.java:155)
at java.base/java.io.FileInputStream.<init>(FileInputStream.java:110)
at goibibo.Booking.beforeTest(Booking.java:31)
... Removed 24 stack frames]]>
    </failure>
  </testcase> <!-- @BeforeTest beforeTest -->
  <testcase classname="goibibo.Booking" name="@BeforeMethod beforeMethod" time="0.0">
    <skipped/>
  </testcase> <!-- @BeforeMethod beforeMethod -->
  <testcase classname="goibibo.Booking" name="@AfterMethod afterMethod" time="0.0">
    <skipped/>
  </testcase> <!-- @AfterMethod afterMethod -->
  <testcase classname="goibibo.Booking" name="@AfterTest afterTest" time="0.0">
    <skipped/>
  </testcase> <!-- @AfterTest afterTest -->
  <testcase classname="goibibo.Booking" name="booking" time="0.0">
    <skipped/>
  </testcase> <!-- booking -->
</testsuite> <!-- Booking -->
