<?xml version="1.0" encoding="UTF-8"?>
<testng-results ignored="0" total="2" passed="2" failed="0" skipped="0">
  <reporter-output>
  </reporter-output>
  <suite started-at="2020-09-10T08:40:49Z" name="Default suite" finished-at="2020-09-10T08:41:07Z" duration-ms="17624">
    <groups>
    </groups>
    <test started-at="2020-09-10T08:40:49Z" name="Default test" finished-at="2020-09-10T08:41:07Z" duration-ms="17624">
      <class name="com.atmecs.selenium.AmazonLogin">
        <test-method is-config="true" signature="beforeTest()[pri:0, instance:com.atmecs.selenium.AmazonLogin@6107227e]" started-at="2020-09-10T08:40:49Z" name="beforeTest" finished-at="2020-09-10T08:40:52Z" duration-ms="3129" status="PASS">
          <reporter-output>
          </reporter-output>
        </test-method> <!-- beforeTest -->
        <test-method is-config="true" signature="beforeClass()[pri:0, instance:com.atmecs.selenium.AmazonLogin@6107227e]" started-at="2020-09-10T08:40:52Z" name="beforeClass" finished-at="2020-09-10T08:40:57Z" duration-ms="5108" status="PASS">
          <reporter-output>
          </reporter-output>
        </test-method> <!-- beforeClass -->
        <test-method is-config="true" signature="beforeMethod()[pri:0, instance:com.atmecs.selenium.AmazonLogin@6107227e]" started-at="2020-09-10T08:40:57Z" name="beforeMethod" finished-at="2020-09-10T08:40:57Z" duration-ms="1" status="PASS">
          <reporter-output>
          </reporter-output>
        </test-method> <!-- beforeMethod -->
        <test-method signature="amazonLogin()[pri:0, instance:com.atmecs.selenium.AmazonLogin@6107227e]" started-at="2020-09-10T08:40:57Z" name="amazonLogin" finished-at="2020-09-10T08:41:00Z" duration-ms="2797" status="PASS">
          <reporter-output>
          </reporter-output>
        </test-method> <!-- amazonLogin -->
        <test-method is-config="true" signature="afterMethod()[pri:0, instance:com.atmecs.selenium.AmazonLogin@6107227e]" started-at="2020-09-10T08:41:00Z" name="afterMethod" finished-at="2020-09-10T08:41:01Z" duration-ms="947" status="PASS">
          <reporter-output>
          </reporter-output>
        </test-method> <!-- afterMethod -->
        <test-method signature="amazonTest()[pri:0, instance:com.atmecs.selenium.AmazonLogin@6107227e]" started-at="2020-09-10T08:41:01Z" name="amazonTest" finished-at="2020-09-10T08:41:04Z" duration-ms="2493" status="PASS">
          <reporter-output>
          </reporter-output>
        </test-method> <!-- amazonTest -->
        <test-method is-config="true" signature="beforeMethod()[pri:0, instance:com.atmecs.selenium.AmazonLogin@6107227e]" started-at="2020-09-10T08:41:01Z" name="beforeMethod" finished-at="2020-09-10T08:41:01Z" duration-ms="0" status="PASS">
          <reporter-output>
          </reporter-output>
        </test-method> <!-- beforeMethod -->
        <test-method is-config="true" signature="afterMethod()[pri:0, instance:com.atmecs.selenium.AmazonLogin@6107227e]" started-at="2020-09-10T08:41:04Z" name="afterMethod" finished-at="2020-09-10T08:41:04Z" duration-ms="792" status="PASS">
          <reporter-output>
          </reporter-output>
        </test-method> <!-- afterMethod -->
        <test-method is-config="true" signature="afterTest()[pri:0, instance:com.atmecs.selenium.AmazonLogin@6107227e]" started-at="2020-09-10T08:41:04Z" name="afterTest" finished-at="2020-09-10T08:41:07Z" duration-ms="2324" status="PASS">
          <reporter-output>
          </reporter-output>
        </test-method> <!-- afterTest -->
      </class> <!-- com.atmecs.selenium.AmazonLogin -->
    </test> <!-- Default test -->
  </suite> <!-- Default suite -->
</testng-results>
