<?xml version="1.0" encoding="UTF-8"?>
<testng-results ignored="0" total="1" passed="1" failed="0" skipped="0">
  <reporter-output>
  </reporter-output>
  <suite started-at="2020-09-17T06:27:07Z" name="Default suite" finished-at="2020-09-17T06:27:50Z" duration-ms="43317">
    <groups>
    </groups>
    <test started-at="2020-09-17T06:27:07Z" name="Default test" finished-at="2020-09-17T06:27:50Z" duration-ms="43317">
      <class name="com.atmecs.selenium.PhpTravels">
        <test-method is-config="true" signature="beforeTest()[pri:0, instance:com.atmecs.selenium.PhpTravels@b62fe6d]" started-at="2020-09-17T06:27:07Z" name="beforeTest" finished-at="2020-09-17T06:27:07Z" duration-ms="22" status="PASS">
          <reporter-output>
          </reporter-output>
        </test-method> <!-- beforeTest -->
        <test-method is-config="true" signature="beforeMethod()[pri:0, instance:com.atmecs.selenium.PhpTravels@b62fe6d]" started-at="2020-09-17T06:27:07Z" name="beforeMethod" finished-at="2020-09-17T06:27:15Z" duration-ms="8071" status="PASS">
          <reporter-output>
          </reporter-output>
        </test-method> <!-- beforeMethod -->
        <test-method signature="chatBox()[pri:0, instance:com.atmecs.selenium.PhpTravels@b62fe6d]" started-at="2020-09-17T06:27:15Z" name="chatBox" finished-at="2020-09-17T06:27:49Z" duration-ms="34005" status="PASS">
          <reporter-output>
          </reporter-output>
        </test-method> <!-- chatBox -->
        <test-method is-config="true" signature="afterTest()[pri:0, instance:com.atmecs.selenium.PhpTravels@b62fe6d]" started-at="2020-09-17T06:27:49Z" name="afterTest" finished-at="2020-09-17T06:27:50Z" duration-ms="1181" status="PASS">
          <reporter-output>
          </reporter-output>
        </test-method> <!-- afterTest -->
      </class> <!-- com.atmecs.selenium.PhpTravels -->
    </test> <!-- Default test -->
  </suite> <!-- Default suite -->
</testng-results>
