<?xml version="1.0" encoding="UTF-8"?>
<testng-results ignored="0" total="5" passed="5" failed="0" skipped="0">
  <reporter-output>
  </reporter-output>
  <suite started-at="2020-09-12T11:37:15Z" name="Default suite" finished-at="2020-09-12T11:37:42Z" duration-ms="26557">
    <groups>
    </groups>
    <test started-at="2020-09-12T11:37:15Z" name="Default test" finished-at="2020-09-12T11:37:42Z" duration-ms="26557">
      <class name="com.atmecs.selenium.DemoBlaze">
        <test-method is-config="true" signature="beforeTest()[pri:0, instance:com.atmecs.selenium.DemoBlaze@37e547da]" started-at="2020-09-12T11:37:15Z" name="beforeTest" finished-at="2020-09-12T11:37:18Z" duration-ms="3282" status="PASS">
          <reporter-output>
          </reporter-output>
        </test-method> <!-- beforeTest -->
        <test-method is-config="true" signature="beforeClass()[pri:0, instance:com.atmecs.selenium.DemoBlaze@37e547da]" started-at="2020-09-12T11:37:18Z" name="beforeClass" finished-at="2020-09-12T11:37:24Z" duration-ms="5640" status="PASS">
          <reporter-output>
          </reporter-output>
        </test-method> <!-- beforeClass -->
        <test-method signature="demoBlazeSignUp()[pri:0, instance:com.atmecs.selenium.DemoBlaze@37e547da]" started-at="2020-09-12T11:37:24Z" name="demoBlazeSignUp" finished-at="2020-09-12T11:37:29Z" duration-ms="5114" status="PASS">
          <reporter-output>
          </reporter-output>
        </test-method> <!-- demoBlazeSignUp -->
        <test-method signature="demoBlazeLogIn()[pri:1, instance:com.atmecs.selenium.DemoBlaze@37e547da]" started-at="2020-09-12T11:37:29Z" name="demoBlazeLogIn" finished-at="2020-09-12T11:37:30Z" duration-ms="664" status="PASS">
          <reporter-output>
          </reporter-output>
        </test-method> <!-- demoBlazeLogIn -->
        <test-method signature="demoBlazeContact()[pri:2, instance:com.atmecs.selenium.DemoBlaze@37e547da]" started-at="2020-09-12T11:37:30Z" name="demoBlazeContact" finished-at="2020-09-12T11:37:34Z" duration-ms="4073" status="PASS">
          <reporter-output>
          </reporter-output>
        </test-method> <!-- demoBlazeContact -->
        <test-method signature="demoBlazeAddToCart()[pri:3, instance:com.atmecs.selenium.DemoBlaze@37e547da]" started-at="2020-09-12T11:37:34Z" name="demoBlazeAddToCart" finished-at="2020-09-12T11:37:38Z" duration-ms="4534" status="PASS">
          <reporter-output>
          </reporter-output>
        </test-method> <!-- demoBlazeAddToCart -->
        <test-method signature="demoBlazeVerifyCart()[pri:4, instance:com.atmecs.selenium.DemoBlaze@37e547da]" started-at="2020-09-12T11:37:38Z" name="demoBlazeVerifyCart" finished-at="2020-09-12T11:37:40Z" duration-ms="1084" status="PASS">
          <reporter-output>
          </reporter-output>
        </test-method> <!-- demoBlazeVerifyCart -->
        <test-method is-config="true" signature="afterTest()[pri:0, instance:com.atmecs.selenium.DemoBlaze@37e547da]" started-at="2020-09-12T11:37:40Z" name="afterTest" finished-at="2020-09-12T11:37:42Z" duration-ms="2122" status="PASS">
          <reporter-output>
          </reporter-output>
        </test-method> <!-- afterTest -->
      </class> <!-- com.atmecs.selenium.DemoBlaze -->
    </test> <!-- Default test -->
  </suite> <!-- Default suite -->
</testng-results>
