<?xml version="1.0" encoding="UTF-8"?>
<testng-results ignored="0" total="1" passed="1" failed="0" skipped="0">
  <reporter-output>
  </reporter-output>
  <suite started-at="2020-09-18T14:27:58Z" name="PhpTravels" finished-at="2020-09-18T14:28:41Z" duration-ms="42537">
    <groups>
    </groups>
    <test started-at="2020-09-18T14:27:58Z" name="ChatBox" finished-at="2020-09-18T14:28:41Z" duration-ms="42537">
      <class name="phptravels.ChatBox">
        <test-method is-config="true" signature="beforeTest()[pri:0, instance:phptravels.ChatBox@b62fe6d]" started-at="2020-09-18T14:27:58Z" name="beforeTest" finished-at="2020-09-18T14:27:58Z" duration-ms="13" status="PASS">
          <reporter-output>
          </reporter-output>
        </test-method> <!-- beforeTest -->
        <test-method is-config="true" signature="beforeMethod()[pri:0, instance:phptravels.ChatBox@b62fe6d]" started-at="2020-09-18T14:27:58Z" name="beforeMethod" finished-at="2020-09-18T14:28:06Z" duration-ms="7313" status="PASS">
          <reporter-output>
          </reporter-output>
        </test-method> <!-- beforeMethod -->
        <test-method signature="chatBox()[pri:0, instance:phptravels.ChatBox@b62fe6d]" started-at="2020-09-18T14:28:06Z" name="chatBox" finished-at="2020-09-18T14:28:40Z" duration-ms="34099" status="PASS">
          <reporter-output>
          </reporter-output>
        </test-method> <!-- chatBox -->
        <test-method is-config="true" signature="afterTest()[pri:0, instance:phptravels.ChatBox@b62fe6d]" started-at="2020-09-18T14:28:40Z" name="afterTest" finished-at="2020-09-18T14:28:41Z" duration-ms="1089" status="PASS">
          <reporter-output>
          </reporter-output>
        </test-method> <!-- afterTest -->
      </class> <!-- phptravels.ChatBox -->
    </test> <!-- ChatBox -->
  </suite> <!-- PhpTravels -->
</testng-results>
