<?xml version="1.0" encoding="UTF-8"?>
<testng-results ignored="0" total="5" passed="5" failed="0" skipped="0">
  <reporter-output>
  </reporter-output>
  <suite started-at="2020-09-16T04:43:07Z" name="Default suite" finished-at="2020-09-16T04:43:41Z" duration-ms="33962">
    <groups>
    </groups>
    <test started-at="2020-09-16T04:43:07Z" name="Default test" finished-at="2020-09-16T04:43:41Z" duration-ms="33962">
      <class name="com.atmecs.selenium.WindowHandles">
        <test-method is-config="true" signature="beforeTest()[pri:0, instance:com.atmecs.selenium.WindowHandles@37e547da]" started-at="2020-09-16T04:43:07Z" name="beforeTest" finished-at="2020-09-16T04:43:10Z" duration-ms="3051" status="PASS">
          <reporter-output>
          </reporter-output>
        </test-method> <!-- beforeTest -->
        <test-method is-config="true" signature="beforeClass()[pri:0, instance:com.atmecs.selenium.WindowHandles@37e547da]" started-at="2020-09-16T04:43:10Z" name="beforeClass" finished-at="2020-09-16T04:43:20Z" duration-ms="9896" status="PASS">
          <reporter-output>
          </reporter-output>
        </test-method> <!-- beforeClass -->
        <test-method signature="faceBook()[pri:0, instance:com.atmecs.selenium.WindowHandles@37e547da]" started-at="2020-09-16T04:43:20Z" name="faceBook" finished-at="2020-09-16T04:43:26Z" duration-ms="6176" status="PASS">
          <reporter-output>
          </reporter-output>
        </test-method> <!-- faceBook -->
        <test-method signature="googlePlus()[pri:0, instance:com.atmecs.selenium.WindowHandles@37e547da]" started-at="2020-09-16T04:43:26Z" name="googlePlus" finished-at="2020-09-16T04:43:29Z" duration-ms="2919" status="PASS">
          <reporter-output>
          </reporter-output>
        </test-method> <!-- googlePlus -->
        <test-method signature="linkedIn()[pri:0, instance:com.atmecs.selenium.WindowHandles@37e547da]" started-at="2020-09-16T04:43:29Z" name="linkedIn" finished-at="2020-09-16T04:43:31Z" duration-ms="2024" status="PASS">
          <reporter-output>
          </reporter-output>
        </test-method> <!-- linkedIn -->
        <test-method signature="twitter()[pri:0, instance:com.atmecs.selenium.WindowHandles@37e547da]" started-at="2020-09-16T04:43:31Z" name="twitter" finished-at="2020-09-16T04:43:35Z" duration-ms="4369" status="PASS">
          <reporter-output>
          </reporter-output>
        </test-method> <!-- twitter -->
        <test-method signature="youTube()[pri:0, instance:com.atmecs.selenium.WindowHandles@37e547da]" started-at="2020-09-16T04:43:35Z" name="youTube" finished-at="2020-09-16T04:43:41Z" duration-ms="5482" status="PASS">
          <reporter-output>
          </reporter-output>
        </test-method> <!-- youTube -->
        <test-method is-config="true" signature="afterTest()[pri:0, instance:com.atmecs.selenium.WindowHandles@37e547da]" started-at="2020-09-16T04:43:41Z" name="afterTest" finished-at="2020-09-16T04:43:41Z" duration-ms="0" status="PASS">
          <reporter-output>
          </reporter-output>
        </test-method> <!-- afterTest -->
      </class> <!-- com.atmecs.selenium.WindowHandles -->
    </test> <!-- Default test -->
  </suite> <!-- Default suite -->
</testng-results>
