<?xml version="1.0" encoding="UTF-8"?>
<!-- Generated by org.testng.reporters.JUnitXMLReporter -->
<testsuite ignored="0" hostname="ATMECSBLRLT-036" failures="0" tests="1" name="GooglePlus" time="0.01" errors="0" timestamp="19 Sep 2020 05:52:18 GMT">
  <testcase classname="demoautomation.GooglePlus" name="@BeforeTest beforeTest" time="0.001">
    <failure type="java.io.FileNotFoundException" message="\chromedriver.exe\src\test\java\com\atmecs\selenium\RegisterLocators.properties (The system cannot find the path specified)">
      <![CDATA[java.io.FileNotFoundException: \chromedriver.exe\src\test\java\com\atmecs\selenium\RegisterLocators.properties (The system cannot find the path specified)
at java.base/java.io.FileInputStream.open0(Native Method)
at java.base/java.io.FileInputStream.open(FileInputStream.java:213)
at java.base/java.io.FileInputStream.<init>(FileInputStream.java:155)
at java.base/java.io.FileInputStream.<init>(FileInputStream.java:110)
at demoautomation.GooglePlus.beforeTest(GooglePlus.java:25)
... Removed 24 stack frames]]>
    </failure>
  </testcase> <!-- @BeforeTest beforeTest -->
  <testcase classname="demoautomation.GooglePlus" name="@BeforeClass beforeClass" time="0.0">
    <skipped/>
  </testcase> <!-- @BeforeClass beforeClass -->
  <testcase classname="demoautomation.GooglePlus" name="@AfterTest afterTest" time="0.0">
    <skipped/>
  </testcase> <!-- @AfterTest afterTest -->
  <testcase classname="demoautomation.GooglePlus" name="googlePlus" time="0.0">
    <skipped/>
  </testcase> <!-- googlePlus -->
</testsuite> <!-- GooglePlus -->
